
2022-04-03 14:07:09 Proc: 0 ENTER key pressed
2022-04-03 14:07:09 Warn: 1 not within keymap
2022-04-03 14:07:10 Proc: 0 ENTER key pressed
2022-04-03 14:07:10 Warn: 1 not within keymap
2022-04-03 14:50:45 Proc: 0 MINUS key pressed
2022-04-03 14:50:45 Warn: 1 not within keymap
2022-04-03 14:50:46 Proc: 0 MINUS key pressed
2022-04-03 14:50:46 Warn: 1 not within keymap
2022-04-03 14:50:46 Proc: 0 MINUS key pressed
2022-04-03 14:50:46 Warn: 1 not within keymap
2022-04-03 14:50:47 Proc: 0 MINUS key pressed
2022-04-03 14:50:47 Warn: 1 not within keymap
2022-04-03 14:50:47 Proc: 0 MINUS key pressed
2022-04-03 14:50:47 Warn: 1 not within keymap
2022-04-03 14:50:48 Proc: 0 MINUS key pressed
2022-04-03 14:50:48 Warn: 1 not within keymap
2022-04-03 14:50:48 Proc: 0 MINUS key pressed
2022-04-03 14:50:48 Warn: 1 not within keymap
2022-04-03 14:50:48 Proc: 0 MINUS key pressed
2022-04-03 14:50:49 Warn: 1 not within keymap
2022-04-03 14:50:49 Proc: 0 MINUS key pressed
2022-04-03 14:50:49 Warn: 1 not within keymap
2022-04-03 14:50:49 Proc: 0 ADD key pressed
2022-04-03 14:50:49 Warn: 1 not within keymap
2022-04-03 14:50:49 Proc: 0 ADD key pressed
2022-04-03 14:50:50 Warn: 1 not within keymap
2022-04-03 14:50:50 Proc: 0 ADD key pressed
2022-04-03 14:50:50 Warn: 1 not within keymap
2022-04-03 14:50:50 Proc: 0 ADD key pressed
2022-04-03 14:50:50 Warn: 1 not within keymap
2022-04-03 14:50:51 Warn: 1 not within keymap
2022-04-03 14:50:51 Warn: 1 not within keymap
2022-04-03 14:52:07 Proc: 0 MINUS key pressed
2022-04-03 14:52:07 Warn: 1 not within keymap
2022-04-03 14:52:08 Proc: 0 MINUS key pressed
2022-04-03 14:52:08 Warn: 1 not within keymap
2022-04-03 14:52:08 Proc: 0 ADD key pressed
2022-04-03 14:52:08 Warn: 1 not within keymap
2022-04-03 14:52:09 Proc: 0 ADD key pressed
2022-04-03 14:52:09 Warn: 1 not within keymap
2022-04-03 14:52:09 Proc: 0 ADD key pressed
2022-04-03 14:52:09 Warn: 1 not within keymap
2022-04-03 14:52:10 Proc: 0 MINUS key pressed
2022-04-03 14:52:10 Warn: 1 not within keymap
2022-04-03 14:52:10 Proc: 0 MINUS key pressed
2022-04-03 14:52:10 Warn: 1 not within keymap
2022-04-03 14:52:10 Proc: 0 MINUS key pressed
2022-04-03 14:52:10 Warn: 1 not within keymap
2022-04-03 14:52:10 Proc: 0 MINUS key pressed
2022-04-03 14:52:10 Warn: 1 not within keymap
2022-04-03 14:52:11 Proc: 0 MINUS key pressed
2022-04-03 14:52:11 Warn: 1 not within keymap
2022-04-03 14:52:11 Proc: 0 MINUS key pressed
2022-04-03 14:52:11 Warn: 1 not within keymap
2022-04-03 14:52:11 Proc: 0 ADD key pressed
2022-04-03 14:52:11 Warn: 1 not within keymap
2022-04-03 14:52:11 Proc: 0 ADD key pressed
2022-04-03 14:52:11 Warn: 1 not within keymap
2022-04-03 14:52:12 Proc: 0 ADD key pressed
2022-04-03 14:52:12 Warn: 1 not within keymap
2022-04-03 14:52:12 Proc: 0 ADD key pressed
2022-04-03 14:52:12 Warn: 1 not within keymap
2022-04-03 14:52:12 Proc: 0 ADD key pressed
2022-04-03 14:52:12 Warn: 1 not within keymap
2022-04-03 14:52:12 Proc: 0 ADD key pressed
2022-04-03 14:52:12 Warn: 1 not within keymap
2022-04-03 14:52:12 Proc: 0 ADD key pressed
2022-04-03 14:52:12 Warn: 1 not within keymap
2022-04-03 14:52:12 Proc: 0 ADD key pressed
2022-04-03 14:52:13 Warn: 1 not within keymap
2022-04-03 14:52:13 Proc: 0 ADD key pressed
2022-04-03 14:52:13 Warn: 1 not within keymap
2022-04-03 14:52:13 Proc: 0 ADD key pressed
2022-04-03 14:52:13 Warn: 1 not within keymap
2022-04-03 14:52:13 Proc: 0 MINUS key pressed
2022-04-03 14:52:13 Warn: 1 not within keymap
2022-04-03 14:52:13 Proc: 0 MINUS key pressed
2022-04-03 14:52:13 Warn: 1 not within keymap
2022-04-03 14:52:14 Proc: 0 MINUS key pressed
2022-04-03 14:52:14 Warn: 1 not within keymap
2022-04-03 14:52:14 Warn: 1 not within keymap
2022-04-03 14:52:14 Warn: 1 not within keymap
2022-04-03 14:52:14 Warn: 1 not within keymap
2022-04-03 14:52:14 Warn: 1 not within keymap
2022-04-03 14:52:14 Warn: 1 not within keymap
2022-04-03 14:52:14 Warn: 1 not within keymap
2022-04-03 14:52:14 Warn: 1 not within keymap
2022-04-03 14:52:15 Warn: 1 not within keymap
2022-04-03 14:52:15 Warn: 1 not within keymap
2022-04-03 14:52:15 Warn: 1 not within keymap
2022-04-03 14:52:15 Warn: 1 not within keymap
2022-04-03 14:52:15 Warn: 1 not within keymap
2022-04-03 14:52:15 Warn: 1 not within keymap
2022-04-03 14:52:15 Warn: 1 not within keymap
2022-04-03 14:52:15 Warn: 1 not within keymap
2022-04-03 14:52:15 Warn: 1 not within keymap
2022-04-03 14:52:15 Warn: 1 not within keymap
2022-04-03 14:52:15 Warn: 1 not within keymap
2022-04-03 14:52:15 Proc: 0 ADD key pressed
2022-04-03 14:52:16 Warn: 1 not within keymap
2022-04-03 14:52:16 Proc: 0 MINUS key pressed
2022-04-03 14:52:17 Warn: 1 not within keymap
2022-04-03 14:52:17 Warn: 1 not within keymap
2022-04-03 14:52:17 Warn: 1 not within keymap
2022-04-03 14:52:17 Warn: 1 not within keymap
2022-04-03 14:52:17 Warn: 1 not within keymap
2022-04-03 14:52:17 Warn: 1 not within keymap
2022-04-03 14:52:17 Warn: 1 not within keymap
2022-04-03 14:52:17 Warn: 1 not within keymap
2022-04-03 14:52:17 Warn: 1 not within keymap
2022-04-03 14:52:17 Warn: 1 not within keymap
2022-04-03 14:52:17 Warn: 1 not within keymap
2022-04-03 14:52:17 Warn: 1 not within keymap
2022-04-03 14:52:17 Warn: 1 not within keymap
2022-04-03 14:52:17 Warn: 1 not within keymap
2022-04-03 14:52:17 Warn: 1 not within keymap
2022-04-03 14:52:17 Warn: 1 not within keymap
2022-04-03 14:52:17 Warn: 1 not within keymap
2022-04-03 14:52:17 Warn: 1 not within keymap
2022-04-03 14:52:17 Warn: 1 not within keymap
2022-04-03 14:52:17 Warn: 1 not within keymap
2022-04-03 14:52:17 Warn: 1 not within keymap
2022-04-03 14:52:17 Warn: 1 not within keymap
2022-04-03 14:52:17 Warn: 1 not within keymap
2022-04-03 14:52:17 Warn: 1 not within keymap
2022-04-03 14:52:18 Warn: 1 not within keymap
2022-04-03 14:52:18 Warn: 1 not within keymap
2022-04-03 14:52:18 Warn: 1 not within keymap
2022-04-03 14:52:18 Warn: 1 not within keymap
2022-04-03 14:52:18 Warn: 1 not within keymap
2022-04-03 14:52:18 Warn: 1 not within keymap
2022-04-03 14:52:18 Warn: 1 not within keymap
2022-04-03 14:52:18 Warn: 1 not within keymap
2022-04-03 14:52:18 Warn: 1 not within keymap
2022-04-03 14:52:18 Warn: 1 not within keymap
2022-04-03 14:52:18 Warn: 1 not within keymap
2022-04-03 14:52:18 Warn: 1 not within keymap
2022-04-03 14:52:18 Warn: 1 not within keymap
2022-04-03 14:52:18 Warn: 1 not within keymap
2022-04-03 14:52:18 Warn: 1 not within keymap
2022-04-03 14:52:18 Warn: 1 not within keymap
2022-04-03 14:52:18 Warn: 1 not within keymap
2022-04-03 14:52:18 Warn: 1 not within keymap
2022-04-03 14:52:18 Warn: 1 not within keymap
2022-04-03 14:52:18 Warn: 1 not within keymap
2022-04-03 14:52:18 Warn: 1 not within keymap
2022-04-03 14:52:18 Warn: 1 not within keymap
2022-04-03 14:52:18 Warn: 1 not within keymap
2022-04-03 14:52:18 Warn: 1 not within keymap
2022-04-03 14:52:18 Warn: 1 not within keymap
2022-04-03 14:52:19 Warn: 1 not within keymap
2022-04-03 14:52:19 Warn: 1 not within keymap
2022-04-03 14:52:19 Warn: 1 not within keymap
2022-04-03 14:52:19 Warn: 1 not within keymap
2022-04-03 14:52:19 Warn: 1 not within keymap
2022-04-03 14:52:19 Warn: 1 not within keymap
2022-04-03 14:52:19 Warn: 1 not within keymap
2022-04-03 14:52:19 Proc: 0 ADD key pressed
2022-04-03 14:52:20 Warn: 1 not within keymap
2022-04-03 14:52:20 Warn: 1 not within keymap
2022-04-03 14:52:20 Warn: 1 not within keymap
2022-04-03 14:52:20 Warn: 1 not within keymap
2022-04-03 14:52:20 Warn: 1 not within keymap
2022-04-03 14:52:20 Warn: 1 not within keymap
2022-04-03 14:52:20 Warn: 1 not within keymap
2022-04-03 14:52:20 Warn: 1 not within keymap
2022-04-03 14:52:20 Warn: 1 not within keymap
2022-04-03 14:52:20 Warn: 1 not within keymap
2022-04-03 14:52:20 Warn: 1 not within keymap
2022-04-03 14:52:20 Warn: 1 not within keymap
2022-04-03 14:52:20 Warn: 1 not within keymap
2022-04-03 14:52:20 Warn: 1 not within keymap
2022-04-03 14:52:20 Warn: 1 not within keymap
2022-04-03 14:52:20 Warn: 1 not within keymap
2022-04-03 14:52:20 Warn: 1 not within keymap
2022-04-03 14:52:20 Warn: 1 not within keymap
2022-04-03 14:52:20 Warn: 1 not within keymap
2022-04-03 14:52:20 Warn: 1 not within keymap
2022-04-03 14:52:20 Warn: 1 not within keymap
2022-04-03 14:52:20 Warn: 1 not within keymap
2022-04-03 14:52:20 Warn: 1 not within keymap
2022-04-03 14:52:21 Warn: 1 not within keymap
2022-04-03 14:52:21 Warn: 1 not within keymap
2022-04-03 14:52:21 Warn: 1 not within keymap
2022-04-03 14:52:21 Warn: 1 not within keymap
2022-04-03 14:52:21 Warn: 1 not within keymap
2022-04-03 14:52:21 Warn: 1 not within keymap
2022-04-03 14:52:21 Warn: 1 not within keymap
2022-04-03 14:52:21 Warn: 1 not within keymap
2022-04-03 14:52:21 Warn: 1 not within keymap
2022-04-03 14:52:21 Warn: 1 not within keymap
2022-04-03 14:52:21 Warn: 1 not within keymap
2022-04-03 14:52:21 Warn: 1 not within keymap
2022-04-03 14:52:21 Warn: 1 not within keymap
2022-04-03 14:52:21 Warn: 1 not within keymap
2022-04-03 14:52:21 Warn: 1 not within keymap
2022-04-03 14:52:21 Warn: 1 not within keymap
2022-04-03 14:52:21 Warn: 1 not within keymap
2022-04-03 14:52:21 Warn: 1 not within keymap
2022-04-03 14:52:21 Warn: 1 not within keymap
2022-04-03 14:52:21 Warn: 1 not within keymap
2022-04-03 14:52:21 Warn: 1 not within keymap
2022-04-03 14:52:21 Warn: 1 not within keymap
2022-04-03 14:52:21 Warn: 1 not within keymap
2022-04-03 14:52:21 Warn: 1 not within keymap
2022-04-03 14:52:21 Warn: 1 not within keymap
2022-04-03 14:52:22 Warn: 1 not within keymap
2022-04-03 14:52:22 Warn: 1 not within keymap
2022-04-03 14:52:22 Warn: 1 not within keymap
2022-04-03 14:52:22 Warn: 1 not within keymap
2022-04-03 14:52:22 Warn: 1 not within keymap
2022-04-03 14:52:22 Warn: 1 not within keymap
2022-04-03 14:52:22 Warn: 1 not within keymap
2022-04-03 14:52:22 Warn: 1 not within keymap
2022-04-03 14:52:22 Warn: 1 not within keymap
2022-04-03 14:52:22 Warn: 1 not within keymap
2022-04-03 14:52:22 Warn: 1 not within keymap
2022-04-03 14:52:22 Warn: 1 not within keymap
2022-04-03 14:52:22 Warn: 1 not within keymap
2022-04-03 14:52:22 Warn: 1 not within keymap
2022-04-03 14:52:22 Warn: 1 not within keymap
2022-04-03 14:52:22 Warn: 1 not within keymap
2022-04-03 14:52:22 Warn: 1 not within keymap
2022-04-03 14:52:22 Warn: 1 not within keymap
2022-04-03 14:52:22 Warn: 1 not within keymap
2022-04-03 14:52:22 Warn: 1 not within keymap
2022-04-03 14:52:22 Warn: 1 not within keymap
2022-04-03 14:52:22 Warn: 1 not within keymap
2022-04-03 14:52:22 Warn: 1 not within keymap
2022-04-03 14:52:22 Warn: 1 not within keymap
2022-04-03 14:52:22 Warn: 1 not within keymap
2022-04-03 14:52:23 Warn: 1 not within keymap
2022-04-03 14:52:23 Warn: 1 not within keymap
2022-04-03 14:52:23 Warn: 1 not within keymap
2022-04-03 14:52:23 Proc: 0 MINUS key pressed
2022-04-03 14:52:23 Warn: 1 not within keymap
2022-04-03 14:52:23 Warn: 1 not within keymap
2022-04-03 14:52:23 Warn: 1 not within keymap
2022-04-03 14:52:24 Warn: 1 not within keymap
2022-04-03 14:52:24 Warn: 1 not within keymap
2022-04-03 14:54:40 Proc: 0 ENTER key pressed
2022-04-03 14:54:41 Warn: 1 not within keymap
2022-04-03 14:54:41 Proc: 0 ENTER key pressed
2022-04-03 14:54:41 Warn: 1 not within keymap
2022-04-03 14:54:41 Proc: 0 ENTER key pressed
2022-04-03 14:54:42 Warn: 1 not within keymap
2022-04-03 14:54:42 Proc: 0 ENTER key pressed
2022-04-03 14:54:42 Warn: 1 not within keymap
2022-04-03 14:54:43 Proc: 0 ENTER key pressed
2022-04-03 14:54:43 Warn: 1 not within keymap
2022-04-03 14:54:45 Proc: 0 ENTER key pressed
2022-04-03 14:54:45 Warn: 1 not within keymap
2022-04-03 14:54:45 Proc: 0 ENTER key pressed
2022-04-03 14:54:45 Warn: 1 not within keymap
2022-04-03 14:54:46 Proc: 0 ENTER key pressed
2022-04-03 14:54:46 Warn: 1 not within keymap
2022-04-03 14:54:47 Proc: 0 ENTER key pressed
2022-04-03 14:54:47 Warn: 1 not within keymap
2022-04-03 14:54:47 Warn: 1 not within keymap
2022-04-03 14:54:47 Warn: 1 not within keymap
2022-04-03 14:54:47 Warn: 1 not within keymap
2022-04-03 14:54:48 Proc: 0 ENTER key pressed
2022-04-03 14:54:48 Warn: 1 not within keymap
2022-04-03 14:54:48 Proc: 0 ENTER key pressed
2022-04-03 14:54:48 Warn: 1 not within keymap
2022-04-03 14:54:49 Proc: 0 ENTER key pressed
2022-04-03 14:54:49 Warn: 1 not within keymap
2022-04-03 14:54:50 Proc: 0 ENTER key pressed
2022-04-03 14:54:50 Warn: 1 not within keymap
2022-04-03 14:54:50 Proc: 0 ENTER key pressed
2022-04-03 14:54:50 Warn: 1 not within keymap
2022-04-03 14:54:52 Proc: 0 ENTER key pressed
2022-04-03 14:54:52 Warn: 1 not within keymap
2022-04-03 14:54:54 Proc: 0 ENTER key pressed
2022-04-03 14:54:54 Warn: 1 not within keymap
2022-04-03 14:54:56 Proc: 0 ENTER key pressed
2022-04-03 14:54:56 Warn: 1 not within keymap
2022-04-03 14:54:58 Proc: 0 ENTER key pressed
2022-04-03 14:54:58 Warn: 1 not within keymap
2022-04-03 14:55:01 Proc: 0 ENTER key pressed
2022-04-03 14:55:01 Warn: 1 not within keymap
2022-04-03 14:55:03 Proc: 0 ENTER key pressed
2022-04-03 14:55:03 Warn: 1 not within keymap
2022-04-03 14:55:05 Proc: 0 ENTER key pressed
2022-04-03 14:55:05 Warn: 1 not within keymap
2022-04-03 14:55:06 Proc: 0 ENTER key pressed
2022-04-03 14:55:06 Warn: 1 not within keymap
2022-04-03 14:55:07 Proc: 0 ENTER key pressed
2022-04-03 14:55:07 Warn: 1 not within keymap
2022-04-03 14:55:08 Proc: 0 ENTER key pressed
2022-04-03 14:55:08 Warn: 1 not within keymap
2022-04-03 14:55:09 Proc: 0 ENTER key pressed
2022-04-03 14:55:09 Warn: 1 not within keymap
2022-04-03 14:55:10 Proc: 0 ENTER key pressed
2022-04-03 14:55:10 Warn: 1 not within keymap
2022-04-03 14:55:11 Proc: 0 ENTER key pressed
2022-04-03 14:55:11 Warn: 1 not within keymap
2022-04-03 14:55:12 Warn: 1 not within keymap
2022-04-03 14:55:12 Warn: 1 not within keymap
2022-04-03 14:55:12 Warn: 1 not within keymap
2022-04-03 14:55:12 Warn: 1 not within keymap
2022-04-08 09:48:19 Proc: 0 ESCAPE key pressed
2022-04-08 09:55:18 Proc: 0 ADD key pressed
2022-04-08 09:55:19 Warn: 1 not within keymap
2022-04-08 09:55:19 Proc: 0 ADD key pressed
2022-04-08 09:55:19 Warn: 1 not within keymap
2022-04-08 09:55:19 Proc: 0 MINUS key pressed
2022-04-08 09:55:19 Warn: 1 not within keymap
2022-04-08 09:55:19 Proc: 0 MINUS key pressed
2022-04-08 09:55:19 Warn: 1 not within keymap
2022-04-08 09:55:19 Proc: 0 MINUS key pressed
2022-04-08 09:55:20 Warn: 1 not within keymap
2022-04-08 09:55:20 Proc: 0 MINUS key pressed
2022-04-08 09:55:20 Warn: 1 not within keymap
2022-04-08 09:55:20 Proc: 0 MINUS key pressed
2022-04-08 09:55:20 Warn: 1 not within keymap
2022-04-08 09:55:21 Proc: 0 ENTER key pressed
2022-04-08 09:55:22 Warn: 1 not within keymap
2022-04-08 09:55:22 Proc: 0 ENTER key pressed
2022-04-08 09:55:22 Warn: 1 not within keymap
2022-04-08 09:55:23 Proc: 0 ENTER key pressed
2022-04-08 09:55:23 Warn: 1 not within keymap
2022-04-08 09:55:23 Proc: 0 ESCAPE key pressed
2022-04-09 12:57:27 Proc: 0 MINUS key pressed
2022-04-09 12:57:28 Warn: 1 not within keymap
2022-04-09 12:57:28 Proc: 0 ADD key pressed
2022-04-09 12:57:28 Warn: 1 not within keymap
2022-04-09 12:57:30 Proc: 0 ENTER key pressed
2022-04-09 12:57:30 Warn: 1 not within keymap
2022-04-09 12:57:31 Proc: 0 ENTER key pressed
2022-04-09 12:57:31 Warn: 1 not within keymap
2022-04-09 12:57:31 Proc: 0 ENTER key pressed
2022-04-09 12:57:31 Warn: 1 not within keymap
2022-04-09 13:01:49 Proc: 0 ESCAPE key pressed
2022-04-09 14:36:03 Warn: 1 not within keymap
2022-04-09 14:36:03 Warn: 1 not within keymap
2022-04-09 14:36:36 Proc: 0 ENTER key pressed
2022-04-09 14:36:36 Warn: 1 not within keymap
2022-04-09 14:36:36 Proc: 0 ENTER key pressed
2022-04-09 14:36:36 Warn: 1 not within keymap
2022-04-09 14:36:37 Proc: 0 MINUS key pressed
2022-04-09 14:36:37 Warn: 1 not within keymap
2022-04-09 14:36:37 Proc: 0 MINUS key pressed
2022-04-09 14:36:37 Warn: 1 not within keymap
2022-04-09 14:36:37 Proc: 0 ADD key pressed
2022-04-09 14:36:37 Warn: 1 not within keymap
2022-04-09 14:36:38 Proc: 0 ADD key pressed
2022-04-09 14:36:38 Warn: 1 not within keymap
2022-04-09 14:36:38 Proc: 0 ADD key pressed
2022-04-09 14:36:38 Warn: 1 not within keymap
2022-04-09 14:36:38 Proc: 0 ADD key pressed
2022-04-09 14:36:38 Warn: 1 not within keymap
2022-04-09 14:36:39 Proc: 0 ESCAPE key pressed
2022-04-09 14:48:58 Proc: 0 MINUS key pressed
2022-04-09 14:48:59 Warn: 1 not within keymap
2022-04-09 14:48:59 Proc: 0 MINUS key pressed
2022-04-09 14:48:59 Warn: 1 not within keymap
2022-04-09 14:48:59 Proc: 0 MINUS key pressed
2022-04-09 14:48:59 Warn: 1 not within keymap
2022-04-09 14:48:59 Proc: 0 MINUS key pressed
2022-04-09 14:49:00 Warn: 1 not within keymap
2022-04-09 14:49:00 Proc: 0 MINUS key pressed
2022-04-09 14:49:00 Warn: 1 not within keymap
2022-04-09 14:49:00 Proc: 0 MINUS key pressed
2022-04-09 14:49:00 Warn: 1 not within keymap
2022-04-09 14:49:00 Proc: 0 MINUS key pressed
2022-04-09 14:49:00 Warn: 1 not within keymap
2022-04-09 14:49:00 Proc: 0 MINUS key pressed
2022-04-09 14:49:00 Warn: 1 not within keymap
2022-04-09 14:49:01 Proc: 0 ADD key pressed
2022-04-09 14:49:01 Warn: 1 not within keymap
2022-04-09 14:49:01 Proc: 0 ADD key pressed
2022-04-09 14:49:01 Warn: 1 not within keymap
2022-04-09 14:49:01 Proc: 0 MINUS key pressed
2022-04-09 14:49:01 Warn: 1 not within keymap
2022-04-09 14:49:05 Proc: 0 ADD key pressed
2022-04-09 14:49:05 Warn: 1 not within keymap
2022-04-09 14:49:05 Proc: 0 ADD key pressed
2022-04-09 14:49:05 Warn: 1 not within keymap
2022-04-09 14:49:06 Proc: 0 ADD key pressed
2022-04-09 14:49:06 Warn: 1 not within keymap
2022-04-09 14:49:06 Proc: 0 ADD key pressed
2022-04-09 14:49:06 Warn: 1 not within keymap
2022-04-09 14:49:08 Proc: 0 ADD key pressed
2022-04-09 14:49:08 Warn: 1 not within keymap
2022-04-09 14:49:08 Proc: 0 ADD key pressed
2022-04-09 14:49:08 Warn: 1 not within keymap
2022-04-09 14:49:09 Proc: 0 ADD key pressed
2022-04-09 14:49:09 Warn: 1 not within keymap
2022-04-09 14:49:09 Proc: 0 ADD key pressed
2022-04-09 14:49:09 Warn: 1 not within keymap
2022-04-09 14:49:12 Proc: 0 ENTER key pressed
2022-04-09 14:49:12 Warn: 1 not within keymap
2022-04-09 14:49:13 Proc: 0 ENTER key pressed
2022-04-09 14:49:13 Warn: 1 not within keymap
2022-04-09 14:49:13 Proc: 0 ENTER key pressed
2022-04-09 14:49:13 Warn: 1 not within keymap
2022-04-09 14:49:13 Proc: 0 ENTER key pressed
2022-04-09 14:49:14 Warn: 1 not within keymap
2022-04-09 14:49:14 Proc: 0 ENTER key pressed
2022-04-09 14:49:14 Warn: 1 not within keymap
2022-04-09 14:49:14 Proc: 0 ENTER key pressed
2022-04-09 14:49:14 Warn: 1 not within keymap
2022-04-09 14:49:14 Proc: 0 ENTER key pressed
2022-04-09 14:49:15 Warn: 1 not within keymap
2022-04-09 14:49:15 Proc: 0 ENTER key pressed
2022-04-09 14:49:15 Warn: 1 not within keymap
2022-04-09 14:49:15 Proc: 0 ENTER key pressed
2022-04-09 14:49:15 Warn: 1 not within keymap
2022-04-09 14:49:57 Proc: 0 ESCAPE key pressed
2022-04-09 14:56:42 Proc: 0 MINUS key pressed
2022-04-09 14:56:42 Warn: 1 not within keymap
2022-04-09 14:56:43 Proc: 0 MINUS key pressed
2022-04-09 14:56:43 Warn: 1 not within keymap
2022-04-09 14:56:43 Proc: 0 MINUS key pressed
2022-04-09 14:56:43 Warn: 1 not within keymap
2022-04-09 14:56:44 Proc: 0 MINUS key pressed
2022-04-09 14:56:44 Warn: 1 not within keymap
2022-04-09 14:56:44 Proc: 0 MINUS key pressed
2022-04-09 14:56:44 Warn: 1 not within keymap
2022-04-09 14:56:45 Proc: 0 MINUS key pressed
2022-04-09 14:56:45 Warn: 1 not within keymap
2022-04-09 14:56:45 Proc: 0 MINUS key pressed
2022-04-09 14:56:45 Warn: 1 not within keymap
2022-04-09 14:56:45 Proc: 0 MINUS key pressed
2022-04-09 14:56:45 Warn: 1 not within keymap
2022-04-09 14:56:46 Proc: 0 MINUS key pressed
2022-04-09 14:56:46 Warn: 1 not within keymap
2022-04-09 14:56:46 Proc: 0 MINUS key pressed
2022-04-09 14:56:46 Warn: 1 not within keymap
2022-04-09 14:56:50 Proc: 0 ADD key pressed
2022-04-09 14:56:50 Warn: 1 not within keymap
2022-04-09 14:56:50 Proc: 0 ADD key pressed
2022-04-09 14:56:50 Warn: 1 not within keymap
2022-04-09 14:56:50 Proc: 0 ADD key pressed
2022-04-09 14:56:50 Warn: 1 not within keymap
2022-04-09 14:56:50 Proc: 0 ADD key pressed
2022-04-09 14:56:50 Warn: 1 not within keymap
2022-04-09 14:56:50 Proc: 0 ADD key pressed
2022-04-09 14:56:50 Warn: 1 not within keymap
2022-04-09 14:56:50 Proc: 0 ADD key pressed
2022-04-09 14:56:50 Warn: 1 not within keymap
2022-04-09 14:56:51 Proc: 0 ADD key pressed
2022-04-09 14:56:51 Warn: 1 not within keymap
2022-04-09 14:56:51 Proc: 0 ADD key pressed
2022-04-09 14:56:51 Warn: 1 not within keymap
2022-04-09 14:56:51 Proc: 0 ADD key pressed
2022-04-09 14:56:51 Warn: 1 not within keymap
2022-04-09 14:56:51 Proc: 0 ADD key pressed
2022-04-09 14:56:51 Warn: 1 not within keymap
2022-04-09 14:56:51 Proc: 0 ADD key pressed
2022-04-09 14:56:51 Warn: 1 not within keymap
2022-04-09 14:56:51 Proc: 0 ADD key pressed
2022-04-09 14:56:52 Warn: 1 not within keymap
2022-04-09 14:56:52 Proc: 0 ADD key pressed
2022-04-09 14:56:52 Warn: 1 not within keymap
2022-04-09 14:56:58 Proc: 0 ENTER key pressed
2022-04-09 14:56:59 Warn: 1 not within keymap
2022-04-09 14:56:59 Proc: 0 ENTER key pressed
2022-04-09 14:56:59 Warn: 1 not within keymap
2022-04-09 14:56:59 Proc: 0 ENTER key pressed
2022-04-09 14:56:59 Warn: 1 not within keymap
2022-04-09 14:57:00 Proc: 0 ENTER key pressed
2022-04-09 14:57:00 Warn: 1 not within keymap
2022-04-09 14:57:01 Proc: 0 ENTER key pressed
2022-04-09 14:57:01 Warn: 1 not within keymap
2022-04-09 14:57:02 Proc: 0 ENTER key pressed
2022-04-09 14:57:02 Warn: 1 not within keymap
2022-04-09 14:57:03 Proc: 0 ENTER key pressed
2022-04-09 14:57:03 Warn: 1 not within keymap
2022-04-09 14:57:06 Proc: 0 ENTER key pressed
2022-04-09 14:57:06 Warn: 1 not within keymap
2022-04-09 14:57:07 Proc: 0 ENTER key pressed
2022-04-09 14:57:07 Warn: 1 not within keymap
2022-04-09 14:57:07 Proc: 0 ENTER key pressed
2022-04-09 14:57:07 Warn: 1 not within keymap
2022-04-09 14:57:08 Proc: 0 ENTER key pressed
2022-04-09 14:57:08 Warn: 1 not within keymap
2022-04-09 14:57:09 Proc: 0 ENTER key pressed
2022-04-09 14:57:09 Warn: 1 not within keymap
2022-04-09 14:57:09 Proc: 0 ENTER key pressed
2022-04-09 14:57:09 Warn: 1 not within keymap
2022-04-09 14:57:29 Proc: 0 ESCAPE key pressed
2022-04-09 15:10:15 Proc: 0 MINUS key pressed
2022-04-09 15:10:15 Warn: 1 not within keymap
2022-04-09 15:10:15 Proc: 0 MINUS key pressed
2022-04-09 15:10:16 Warn: 1 not within keymap
2022-04-09 15:10:16 Proc: 0 MINUS key pressed
2022-04-09 15:10:16 Warn: 1 not within keymap
2022-04-09 15:10:16 Proc: 0 MINUS key pressed
2022-04-09 15:10:16 Warn: 1 not within keymap
2022-04-09 15:10:16 Proc: 0 MINUS key pressed
2022-04-09 15:10:16 Warn: 1 not within keymap
2022-04-09 15:10:17 Proc: 0 MINUS key pressed
2022-04-09 15:10:17 Warn: 1 not within keymap
2022-04-09 15:10:21 Proc: 0 ADD key pressed
2022-04-09 15:10:21 Warn: 1 not within keymap
2022-04-09 15:10:21 Proc: 0 ADD key pressed
2022-04-09 15:10:22 Warn: 1 not within keymap
2022-04-09 15:10:22 Proc: 0 ADD key pressed
2022-04-09 15:10:22 Warn: 1 not within keymap
2022-04-09 15:10:22 Proc: 0 ADD key pressed
2022-04-09 15:10:22 Warn: 1 not within keymap
2022-04-09 15:10:22 Proc: 0 ADD key pressed
2022-04-09 15:10:22 Warn: 1 not within keymap
2022-04-09 15:10:22 Proc: 0 ADD key pressed
2022-04-09 15:10:22 Warn: 1 not within keymap
2022-04-09 15:10:22 Proc: 0 ADD key pressed
2022-04-09 15:10:23 Warn: 1 not within keymap
2022-04-09 15:10:23 Proc: 0 ADD key pressed
2022-04-09 15:10:23 Warn: 1 not within keymap
2022-04-09 15:10:23 Proc: 0 ADD key pressed
2022-04-09 15:10:23 Warn: 1 not within keymap
2022-04-09 15:10:23 Proc: 0 ADD key pressed
2022-04-09 15:10:23 Warn: 1 not within keymap
2022-04-09 15:10:23 Proc: 0 ADD key pressed
2022-04-09 15:10:23 Warn: 1 not within keymap
2022-04-09 15:10:23 Proc: 0 ADD key pressed
2022-04-09 15:10:24 Warn: 1 not within keymap
2022-04-09 15:10:24 Proc: 0 ADD key pressed
2022-04-09 15:10:24 Warn: 1 not within keymap
2022-04-09 15:10:24 Proc: 0 ADD key pressed
2022-04-09 15:10:24 Warn: 1 not within keymap
2022-04-09 15:10:32 Proc: 0 ENTER key pressed
2022-04-09 15:10:32 Warn: 1 not within keymap
2022-04-09 15:10:33 Proc: 0 ENTER key pressed
2022-04-09 15:10:33 Warn: 1 not within keymap
2022-04-09 15:10:33 Proc: 0 ENTER key pressed
2022-04-09 15:10:33 Warn: 1 not within keymap
2022-04-09 15:10:34 Proc: 0 ENTER key pressed
2022-04-09 15:10:34 Warn: 1 not within keymap
2022-04-09 15:10:34 Proc: 0 ENTER key pressed
2022-04-09 15:10:34 Warn: 1 not within keymap
2022-04-09 15:10:35 Proc: 0 ENTER key pressed
2022-04-09 15:10:35 Warn: 1 not within keymap
2022-04-09 15:10:36 Proc: 0 ENTER key pressed
2022-04-09 15:10:36 Warn: 1 not within keymap
2022-04-09 15:11:15 Proc: 0 ESCAPE key pressed